<?xml version="1.0" encoding="UTF-8"?>
<!-- Generated by org.testng.reporters.JUnitReportReporter -->
<testsuite hostname="DESKTOP-VC786S5" failures="0" tests="2" name="loan.HomeLoan" time="0.007" errors="0" timestamp="2025-05-20T23:13:37 IST" skipped="0">
  <testcase classname="loan.HomeLoan" name="getVillageHomeLoan" time="0.002"/>
  <testcase classname="loan.HomeLoan" name="getBBMPHomeLoan" time="0.005"/>
</testsuite> <!-- loan.HomeLoan -->
