<?xml version="1.0" encoding="UTF-8"?>
<!-- Generated by org.testng.reporters.JUnitReportReporter -->
<testsuite hostname="DESKTOP-VC786S5" failures="0" tests="1" name="loan.Education" time="0.019" errors="0" timestamp="2025-05-20T23:13:37 IST" skipped="0">
  <testcase classname="loan.Education" name="getPUCLoan" time="0.019"/>
</testsuite> <!-- loan.Education -->
