<?xml version="1.0" encoding="UTF-8"?>
<!-- Generated by org.testng.reporters.JUnitReportReporter -->
<testsuite hostname="DESKTOP-VC786S5" failures="0" tests="3" name="loan.Car" time="0.051" errors="0" timestamp="2025-05-20T23:13:37 IST" skipped="0">
  <testcase classname="loan.Car" name="getCreata" time="0.008"/>
  <testcase classname="loan.Car" name="getXUV" time="0.006"/>
  <testcase classname="loan.Car" name="getNexon" time="0.037"/>
</testsuite> <!-- loan.Car -->
